This is pdfTeX, Version 3.14159265-2.6-1.40.20 (TeX Live 2019) (preloaded format=pdflatex 2019.12.9)  27 MAR 2021 11:08
entering extended mode
 restricted \write18 enabled.
 %&-line parsing enabled.
**02-rmd-basics-markdown.tex
(./02-rmd-basics-markdown.tex
LaTeX2e <2019-10-01> patch level 3

! LaTeX Error: File `templates/ociamthesis.cls' not found.

Type X to quit or <RETURN> to proceed,
or enter new name. (Default extension: cls)

Enter file name: 
! Emergency stop.
<read *> 
         
l.7 ^^M
        
Here is how much of TeX's memory you used:
 12 strings out of 494108
 325 string characters out of 6173990
 54539 words of memory out of 5000000
 4224 multiletter control sequences out of 15000+600000
 3640 words of font info for 14 fonts, out of 8000000 for 9000
 14 hyphenation exceptions out of 8191
 14i,0n,8p,94b,10s stack positions out of 5000i,500n,10000p,200000b,80000s

!  ==> Fatal error occurred, no output PDF file produced!
